<?xml version="1.0" encoding="UTF-8"?>
<!-- Generated by org.testng.reporters.JUnitReportReporter -->
<testsuite hostname="DESKTOP-LOD748U" failures="0" tests="3" name="TastLayer.HomePageTest" time="0.026" errors="0" timestamp="2023-01-25T01:02:27 IST" skipped="0">
  <testcase classname="TastLayer.HomePageTest" name="logo" time="0.005"/>
  <system-out/>
  <testcase classname="TastLayer.HomePageTest" name="tille" time="0.011"/>
  <system-out/>
  <testcase classname="TastLayer.HomePageTest" name="url" time="0.010"/>
  <system-out/>
</testsuite> <!-- TastLayer.HomePageTest -->
