<?xml version="1.0" encoding="UTF-8"?>
<!-- Generated by org.testng.reporters.JUnitReportReporter -->
<testsuite hostname="DESKTOP-LOD748U" failures="0" tests="3" name="TastLayer.HomePageTest" time="0.016" errors="0" timestamp="2023-01-25T02:02:23 IST" skipped="0">
  <testcase classname="TastLayer.HomePageTest" name="logo" time="0.000"/>
  <system-out/>
  <testcase classname="TastLayer.HomePageTest" name="tille" time="0.008"/>
  <system-out/>
  <testcase classname="TastLayer.HomePageTest" name="url" time="0.008"/>
  <system-out/>
</testsuite> <!-- TastLayer.HomePageTest -->
