<?xml version="1.0" encoding="UTF-8"?>
<!-- Generated by org.testng.reporters.JUnitReportReporter -->
<testsuite hostname="DESKTOP-LOD748U" failures="0" tests="1" name="TastLayer.LoginPageTest" time="0.401" errors="0" timestamp="2023-01-25T01:02:27 IST" skipped="0">
  <testcase classname="TastLayer.LoginPageTest" name="login" time="0.401"/>
  <system-out/>
</testsuite> <!-- TastLayer.LoginPageTest -->
